dev is live! http://localhost/
/
validated /index.html
/css/codemirror.css
validated /css/codemirror.css
/css/default.css
validated /css/default.css
/js/scout.js
validated /js/scout.js
/js/javascript.js
validated /js/javascript.js
/js/xml.js
validated /js/xml.js
/js/codemirror.js
validated /js/codemirror.js
/js/diff_match_patch.js
validated /js/diff_match_patch.js
/js/htmlmixed.js
validated /js/htmlmixed.js
/js/css.js
validated /js/css.js
/js/client.js
validated /js/client.js
/favicon.ico
validated /favicon.ico
/
validated /index.html
/css/codemirror.css
validated /css/codemirror.css
/css/default.css
validated /css/default.css
/js/scout.js
validated /js/scout.js
/js/htmlmixed.js
validated /js/htmlmixed.js
/js/css.js
validated /js/css.js
/js/javascript.js
validated /js/javascript.js
/js/xml.js
validated /js/xml.js
/js/codemirror.js
validated /js/codemirror.js
/js/diff_match_patch.js
validated /js/diff_match_patch.js
/js/client.js
validated /js/client.js
/favicon.ico
validated /favicon.ico
/$new
validated action /$new
--receiving from 1308090626776 "=93\t+  \t=294"
--nonexisting user [1308090626776]
/$new
validated action /$new
--receiving from 1308090626776 "=95\t+<\t=294"
--nonexisting user [1308090626776]
/$new
validated action /$new
--receiving from 1308090626776 "=96\t+p\t=294"
--nonexisting user [1308090626776]
/$new
validated action /$new
--receiving from 1308090626776 "=97\t+>\t=294"
--nonexisting user [1308090626776]
